[auto l] l = 5.6, L = 85
N_ij_L[0][0] = 5450414
N_ij_L[0][1] = 5450948
N_ij_L[0][2] = 5450948
N_ij_L[0][3] = 5450948
N_ij_L[0][4] = 5450948
N_ij_L[0][5] = 5450948
N_ij_L[0][6] = 5450948
N_ij_L[0][7] = 5450948
N_ij_L[0][8] = 5450948
N_ij_L[0][9] = 5450948
N_ij_L[0][10] = 5450948
N_ij_L[0][11] = 5450948
N_ij_L[0][12] = 5450948
N_ij_L[0][13] = 5450948
N_ij_L[0][14] = 5450948
N_ij_L[0][15] = 5450948
N_ij_L[1][0] = 5450414
N_ij_L[1][1] = 5450948
N_ij_L[1][2] = 5450414
N_ij_L[1][3] = 5450414
N_ij_L[1][4] = 5450414
N_ij_L[1][5] = 5450414
N_ij_L[1][6] = 5450414
N_ij_L[1][7] = 5450948
N_ij_L[1][8] = 5450948
N_ij_L[1][9] = 5450414
N_ij_L[1][10] = 5450414
N_ij_L[1][11] = 5450948
N_ij_L[1][12] = 5450414
N_ij_L[1][13] = 5450414
N_ij_L[1][14] = 5450948
N_ij_L[1][15] = 5450414
N_ij_L[2][0] = 5450414
N_ij_L[2][1] = 5450414
N_ij_L[2][2] = 5450414
N_ij_L[2][3] = 5450414
N_ij_L[2][4] = 5450414
N_ij_L[2][5] = 5450414
N_ij_L[2][6] = 5450948
N_ij_L[2][7] = 5450414
N_ij_L[2][8] = 5450414
N_ij_L[2][9] = 5450414
N_ij_L[2][10] = 5450414
N_ij_L[2][11] = 5450948
N_ij_L[2][12] = 5450414
N_ij_L[2][13] = 5450414
N_ij_L[2][14] = 5450948
N_ij_L[2][15] = 5450414
N_ij_L[3][0] = 5450414
N_ij_L[3][1] = 5450414
N_ij_L[3][2] = 5450948
N_ij_L[3][3] = 5450414
N_ij_L[3][4] = 5450948
N_ij_L[3][5] = 5450948
N_ij_L[3][6] = 5450948
N_ij_L[3][7] = 5450414
N_ij_L[3][8] = 5450414
N_ij_L[3][9] = 5450414
N_ij_L[3][10] = 5450948
N_ij_L[3][11] = 5450414
N_ij_L[3][12] = 5450948
N_ij_L[3][13] = 5450414
N_ij_L[3][14] = 5450948
N_ij_L[3][15] = 5450414
N_ij_L[4][0] = 5450414
N_ij_L[4][1] = 5450414
N_ij_L[4][2] = 5450414
N_ij_L[4][3] = 5450414
N_ij_L[4][4] = 5450414
N_ij_L[4][5] = 5450414
N_ij_L[4][6] = 5450948
N_ij_L[4][7] = 5450948
N_ij_L[4][8] = 5450414
N_ij_L[4][9] = 5450414
N_ij_L[4][10] = 5450414
N_ij_L[4][11] = 5450948
N_ij_L[4][12] = 5450414
N_ij_L[4][13] = 5450414
N_ij_L[4][14] = 5450948
N_ij_L[4][15] = 5450414
N_ij_L[5][0] = 5450948
N_ij_L[5][1] = 5450414
N_ij_L[5][2] = 5450414
N_ij_L[5][3] = 5450414
N_ij_L[5][4] = 5450414
N_ij_L[5][5] = 5450414
N_ij_L[5][6] = 5450414
N_ij_L[5][7] = 5450414
N_ij_L[5][8] = 5450948
N_ij_L[5][9] = 5450948
N_ij_L[5][10] = 5450948
N_ij_L[5][11] = 5450414
N_ij_L[5][12] = 5450948
N_ij_L[5][13] = 5450948
N_ij_L[5][14] = 5450414
N_ij_L[5][15] = 5450948
N_ij_L[6][0] = 5450414
N_ij_L[6][1] = 5450414
N_ij_L[6][2] = 5450948
N_ij_L[6][3] = 5450414
N_ij_L[6][4] = 5450414
N_ij_L[6][5] = 5450948
N_ij_L[6][6] = 5450948
N_ij_L[6][7] = 5450948
N_ij_L[6][8] = 5450414
N_ij_L[6][9] = 5450948
N_ij_L[6][10] = 5450414
N_ij_L[6][11] = 5450948
N_ij_L[6][12] = 5450948
N_ij_L[6][13] = 5450414
N_ij_L[6][14] = 5450948
N_ij_L[6][15] = 5450414
[alpha_hat] alpha_* = 0.0150754 (sigma=14, sigma_u=1)
[N_SAMPLES] 자동 계산된 N_SAMPLES = 5723496

[N_SAMPLES vs 실제 used 샘플수]

결과가 correlation_data.csv 파일에 저장되었습니다.
