==============================================
G+G Signature Scheme (Toy Implementation)
==============================================

Parameters:
  Ring degree N = 16
  Module dimensions: m = 3, k = 7
  Modulus q = 12289
  Secret key bound η = 1
  Secret key distribution: χ_η = U({y ∈ R | ||y||_∞ ≤ η})
  Covariance base σ = 15
  Using Klein sampling: y ~ D_{Z^m, Σ(S)}
  where Σ(S) = σ² I_m - s² SS^T, S = rot(ζs)

Generating keys...
Keys generated successfully!

========== PUBLIC KEY ==========
Public Matrix A (full):
  A[0][0] = [2895, 7972, -9990, 10812, 8048, 10286, 1684, 3274, 10128, -10654, -9362, 4234, 11870, -486, -4026, 10988]
  A[0][1] = [-10726, -6104, 5116, 1322, -12280, 10584, -9058, 8848, -292, 10956, -3778, -3512, -2642, -1434, 6890, 7046]
  A[0][2] = [-4408, 11508, -9780, -4636, 8500, -10462, -1784, -1098, -10520, -2668, -838, 9854, 2804, 10874, -10718, 11024]
  A[0][3] = [-9472, -7870, -6102, -2202, 10296, 6718, 8084, 2792, 6998, -11010, -750, -4122, -2794, 7448, 10302, 2214]
  A[0][4] = [2, 0, 0, 0, 0, 0, 0, 0, 0, 0, 0, 0, 0, 0, 0, 0]
  A[0][5] = [0, 0, 0, 0, 0, 0, 0, 0, 0, 0, 0, 0, 0, 0, 0, 0]
  A[0][6] = [0, 0, 0, 0, 0, 0, 0, 0, 0, 0, 0, 0, 0, 0, 0, 0]
  A[1][0] = [-8710, 10070, 11046, -4320, 5528, -4966, 8796, 222, 8084, 9766, -3810, -3174, 1456, -4116, 4102, -6922]
  A[1][1] = [-4342, -8476, 2514, -5160, -9956, -11460, -8534, 9788, 9252, -5986, -2582, 10688, -10510, -8574, -7052, 4814]
  A[1][2] = [10864, -7390, 9916, 846, -1372, 4736, -6842, 1558, 11006, 12056, 10728, -8088, -12206, -516, -3434, 4952]
  A[1][3] = [68, 5052, 4920, 864, 1666, -1870, 1562, 10468, -11390, -910, -5838, 3038, -8306, 3864, 1634, 468]
  A[1][4] = [0, 0, 0, 0, 0, 0, 0, 0, 0, 0, 0, 0, 0, 0, 0, 0]
  A[1][5] = [2, 0, 0, 0, 0, 0, 0, 0, 0, 0, 0, 0, 0, 0, 0, 0]
  A[1][6] = [0, 0, 0, 0, 0, 0, 0, 0, 0, 0, 0, 0, 0, 0, 0, 0]
  A[2][0] = [9544, -12182, -1502, 8258, -5428, 10556, -7120, -1656, -6592, -10692, 3246, 10942, 6546, 10920, -7012, -5932]
  A[2][1] = [2560, -5280, 8372, -3008, 10594, -10314, -4022, 6890, 2216, 3954, 4666, 5250, 9800, -11930, -11118, -2756]
  A[2][2] = [1148, 2944, 2338, 1652, 1570, -4626, 2870, -2476, 5324, 2570, 11210, -1486, 6390, -2390, 706, 10554]
  A[2][3] = [-8714, 1424, 9420, 3042, -6142, 6086, 8256, -5908, -10822, -1514, 9826, -5240, 3254, 462, 2888, 2152]
  A[2][4] = [0, 0, 0, 0, 0, 0, 0, 0, 0, 0, 0, 0, 0, 0, 0, 0]
  A[2][5] = [0, 0, 0, 0, 0, 0, 0, 0, 0, 0, 0, 0, 0, 0, 0, 0]
  A[2][6] = [2, 0, 0, 0, 0, 0, 0, 0, 0, 0, 0, 0, 0, 0, 0, 0]
================================

========== SECRET KEY ==========
Secret Vector s (mod q view) (length 7):
  [0]: [1, 0, 0, 0, 0, 0, 0, 0, 0, 0, 0, 0, 0, 0, 0, 0]
  [1]: [0, 1, 0, -1, 1, 1, 1, 1, 1, 0, 1, 1, -1, -1, 0, 0]
  [2]: [-1, -1, 0, 1, 0, -1, 1, 1, 0, 0, 0, 0, 1, -1, -1, 0]
  [3]: [-1, -1, 1, 0, -1, 1, 0, 1, 1, -1, 0, 0, -1, -1, -1, 0]
  [4]: [1, 1, 1, -1, 1, 1, 0, 0, 0, -1, -1, -1, 1, 0, -1, 1]
  [5]: [-1, 0, 0, 1, 1, 0, -1, 0, 0, -1, -1, 0, -1, 1, 1, 0]
  [6]: [1, -1, 1, 0, 1, 0, 0, -1, 1, 0, -1, 1, -1, 1, -1, 1]
================================

Signing message: "Hello, G+G signature over module lattices!"

========== SIGNATURE ==========
Response z (length 7):
  [0]: [-17, 18, 18, 8, ...]
  [1]: [-8, -16, -17, -7, ...]
  [2]: [29, -7, 2, 15, ...]
  [3]: [9, -29, 10, -17, ...]
  [4]: [7, -11, 5, 5, ...]
  [5]: [19, -13, -14, -24, ...]
  [6]: [4, -12, 4, -29, ...]

Challenge c (first 8 coeffs): [0, 0, 0, 0, 1, 1, 1, 0, ...]
================================
Verifying signature...
  Verification: PASSED

==============================================
Note: This is a TOY implementation for
educational purposes only. Not secure!
==============================================
