==============================================
G+G Signature Scheme (Toy Implementation)
==============================================

Parameters:
  Ring degree N = 16
  Module dimensions: m = 3, k = 7
  Modulus q = 12289
  Secret key bound η = 1
  Secret key distribution: χ_η = U({y ∈ R | ||y||_∞ ≤ η})
  Covariance base σ = 14
  Using Klein sampling: y ~ D_{Z^m, Σ(S)}
  where Σ(S) = σ² I_m - s² SS^T, S = rot(ζs)

Generating keys...
Keys generated successfully!

========== PUBLIC KEY ==========
Public Matrix A (full):
  A[0][0] = [-6595, 10234, 8460, 11930, 7128, -5902, -11418, 7338, -642, -4882, 3896, 6568, -6126, -1286, -7756, 7004]
  A[0][1] = [7194, 5778, 11976, -8200, -11820, -6260, -7480, 5380, -11266, -4666, 8948, -4874, 9124, 10504, -508, -9818]
  A[0][2] = [9096, -6706, -7668, -6222, -5784, -642, 10984, 5414, -9274, 10750, -5494, 9852, 3140, -5532, 2806, -2118]
  A[0][3] = [-4692, -9900, 11794, -9908, 12176, 6114, 10080, -3416, 72, 11942, 12168, 8536, 228, -6606, -2148, 9766]
  A[0][4] = [2, 0, 0, 0, 0, 0, 0, 0, 0, 0, 0, 0, 0, 0, 0, 0]
  A[0][5] = [0, 0, 0, 0, 0, 0, 0, 0, 0, 0, 0, 0, 0, 0, 0, 0]
  A[0][6] = [0, 0, 0, 0, 0, 0, 0, 0, 0, 0, 0, 0, 0, 0, 0, 0]
  A[1][0] = [-7712, 974, 5572, 6370, 7132, -11910, -2300, -2396, 8228, -12278, 5374, 3156, -10442, 9624, -4960, -10750]
  A[1][1] = [5668, -6104, -2874, 8112, 2224, 7278, 872, 10544, 2796, -3156, -9064, -10948, -9834, -7918, 4486, -9880]
  A[1][2] = [-5052, 538, 5320, -4402, 3180, 6386, -4900, 8178, 7412, -3746, -5332, -11664, -9856, 5120, -11954, 74]
  A[1][3] = [-9730, -4220, 5864, 2402, -4312, -6574, 1956, -5142, -7410, 3794, 5324, -10082, -856, -3388, 10682, -11880]
  A[1][4] = [0, 0, 0, 0, 0, 0, 0, 0, 0, 0, 0, 0, 0, 0, 0, 0]
  A[1][5] = [2, 0, 0, 0, 0, 0, 0, 0, 0, 0, 0, 0, 0, 0, 0, 0]
  A[1][6] = [0, 0, 0, 0, 0, 0, 0, 0, 0, 0, 0, 0, 0, 0, 0, 0]
  A[2][0] = [4866, -6066, -7066, -1676, -2770, 11418, 1722, -3608, 1880, -2936, 11960, -6574, 11450, -1198, 6452, -6982]
  A[2][1] = [-144, -6462, 7768, -7720, -2494, -11648, -6076, -10064, 3830, 3338, 1870, -9376, 7100, 4924, 11186, -10060]
  A[2][2] = [11590, 212, 6126, -6126, -2276, 4872, -2954, -10418, -3218, -1734, -8324, -9438, 440, -2006, 9562, -9170]
  A[2][3] = [-8708, 9808, -10878, 2216, 2772, 6048, -1190, 6270, -10700, 4334, -5974, -5094, -6570, -9696, -11460, -10556]
  A[2][4] = [0, 0, 0, 0, 0, 0, 0, 0, 0, 0, 0, 0, 0, 0, 0, 0]
  A[2][5] = [0, 0, 0, 0, 0, 0, 0, 0, 0, 0, 0, 0, 0, 0, 0, 0]
  A[2][6] = [2, 0, 0, 0, 0, 0, 0, 0, 0, 0, 0, 0, 0, 0, 0, 0]
================================

========== SECRET KEY ==========
Secret Vector s (mod q view) (length 7):
  [0]: [1, 0, 0, 0, 0, 0, 0, 0, 0, 0, 0, 0, 0, 0, 0, 0]
  [1]: [1, 1, 0, 1, -1, 1, 0, 0, -1, 0, -1, 0, -1, -1, -1, 1]
  [2]: [0, 1, 1, -1, 0, 1, 1, 1, 0, -1, 0, -1, 0, 0, 1, -1]
  [3]: [0, -1, 1, 1, 0, -1, 0, 1, 1, -1, 1, 0, 1, 1, 1, 1]
  [4]: [0, 1, 1, -1, 1, -1, 0, 0, 1, -1, 0, -1, 0, -1, 0, 0]
  [5]: [1, 0, 1, -1, 1, 1, -1, 0, 1, 0, 0, 0, 0, 0, 1, -1]
  [6]: [0, 0, 1, 1, 1, -1, 0, -1, 1, 1, 0, 0, 0, 1, 0, 0]
================================

Signing message: "Hello, G+G signature over module lattices!"

========== SIGNATURE ==========
Response z (length 7):
  [0]: [-10, 18, 9, 6, ...]
  [1]: [-18, 1, -30, -8, ...]
  [2]: [3, -31, 30, 16, ...]
  [3]: [17, -1, 20, 4, ...]
  [4]: [38, -11, 16, 6, ...]
  [5]: [-1, 11, 42, -8, ...]
  [6]: [0, 9, 10, -9, ...]

Challenge c (first 8 coeffs): [1, 1, 0, 1, 0, 0, 1, 1, ...]
================================
Verifying signature...
  Verification: FAILED

==============================================
Note: This is a TOY implementation for
educational purposes only. Not secure!
==============================================
