[DEBUG] S (circ_vec) full matrix (112x112):
1 -0 -0 -0 -0 -0 -0 -0 -0 -0 -0 -0 -0 -0 -0 -0 0 1 1 -1 1 1 -0 -0 -0 -0 1 -0 -1 -1 -0 -1 1 -1 -0 1 -1 -0 1 -1 -1 -1 1 1 -0 -1 1 1 0 -0 -1 -1 1 1 -0 -1 -0 -1 1 -0 -0 -0 -0 1 1 -1 -1 -1 -0 -1 -0 1 -0 1 1 -1 -1 -1 1 -0 0 1 1 1 -1 -0 -1 -1 -0 1 -1 -1 -0 1 -0 -1 0 -1 -0 -0 1 -0 -1 -0 -1 -0 1 -1 -0 -1 -0 -0
0 1 -0 -0 -0 -0 -0 -0 -0 -0 -0 -0 -0 -0 -0 -0 1 0 1 1 -1 1 1 -0 -0 -0 -0 1 -0 -1 -1 -0 -1 1 -1 -0 1 -1 -0 1 -1 -1 -1 1 1 -0 -1 1 -1 0 -0 -1 -1 1 1 -0 -1 -0 -1 1 -0 -0 -0 -0 0 1 -1 -1 -1 -0 -1 -0 1 -0 1 1 -1 -1 -1 1 1 0 1 1 1 -1 -0 -1 -1 -0 1 -1 -1 -0 1 -0 0 0 -1 -0 -0 1 -0 -1 -0 -1 -0 1 -1 -0 -1 -0
0 0 1 -0 -0 -0 -0 -0 -0 -0 -0 -0 -0 -0 -0 -0 0 1 0 1 1 -1 1 1 -0 -0 -0 -0 1 -0 -1 -1 -1 -1 1 -1 -0 1 -1 -0 1 -1 -1 -1 1 1 -0 -1 0 -1 0 -0 -1 -1 1 1 -0 -1 -0 -1 1 -0 -0 -0 -1 0 1 -1 -1 -1 -0 -1 -0 1 -0 1 1 -1 -1 -1 0 1 0 1 1 1 -1 -0 -1 -1 -0 1 -1 -1 -0 1 0 0 0 -1 -0 -0 1 -0 -1 -0 -1 -0 1 -1 -0 -1
0 0 0 1 -0 -0 -0 -0 -0 -0 -0 -0 -0 -0 -0 -0 1 0 1 0 1 1 -1 1 1 -0 -0 -0 -0 1 -0 -1 1 -1 -1 1 -1 -0 1 -1 -0 1 -1 -1 -1 1 1 -0 0 0 -1 0 -0 -1 -1 1 1 -0 -1 -0 -1 1 -0 -0 1 -1 0 1 -1 -1 -1 -0 -1 -0 1 -0 1 1 -1 -1 -1 0 1 0 1 1 1 -1 -0 -1 -1 -0 1 -1 -1 -0 1 0 0 0 -1 -0 -0 1 -0 -1 -0 -1 -0 1 -1 -0
0 0 0 0 1 -0 -0 -0 -0 -0 -0 -0 -0 -0 -0 -0 1 1 0 1 0 1 1 -1 1 1 -0 -0 -0 -0 1 -0 0 1 -1 -1 1 -1 -0 1 -1 -0 1 -1 -1 -1 1 1 0 0 0 -1 0 -0 -1 -1 1 1 -0 -1 -0 -1 1 -0 1 1 -1 0 1 -1 -1 -1 -0 -1 -0 1 -0 1 1 -1 0 -1 0 1 0 1 1 1 -1 -0 -1 -1 -0 1 -1 -1 0 1 0 0 0 -1 -0 -0 1 -0 -1 -0 -1 -0 1 -1
0 0 0 0 0 1 -0 -0 -0 -0 -0 -0 -0 -0 -0 -0 0 1 1 0 1 0 1 1 -1 1 1 -0 -0 -0 -0 1 -1 0 1 -1 -1 1 -1 -0 1 -1 -0 1 -1 -1 -1 1 0 0 0 0 -1 0 -0 -1 -1 1 1 -0 -1 -0 -1 1 1 1 1 -1 0 1 -1 -1 -1 -0 -1 -0 1 -0 1 1 1 0 -1 0 1 0 1 1 1 -1 -0 -1 -1 -0 1 -1 1 0 1 0 0 0 -1 -0 -0 1 -0 -1 -0 -1 -0 1
0 0 0 0 0 0 1 -0 -0 -0 -0 -0 -0 -0 -0 -0 -1 0 1 1 0 1 0 1 1 -1 1 1 -0 -0 -0 -0 -1 -1 0 1 -1 -1 1 -1 -0 1 -1 -0 1 -1 -1 -1 -1 0 0 0 0 -1 0 -0 -1 -1 1 1 -0 -1 -0 -1 -1 1 1 1 -1 0 1 -1 -1 -1 -0 -1 -0 1 -0 1 1 1 0 -1 0 1 0 1 1 1 -1 -0 -1 -1 -0 1 -1 1 0 1 0 0 0 -1 -0 -0 1 -0 -1 -0 -1 -0
0 0 0 0 0 0 0 1 -0 -0 -0 -0 -0 -0 -0 -0 0 -1 0 1 1 0 1 0 1 1 -1 1 1 -0 -0 -0 1 -1 -1 0 1 -1 -1 1 -1 -0 1 -1 -0 1 -1 -1 1 -1 0 0 0 0 -1 0 -0 -1 -1 1 1 -0 -1 -0 -1 -1 1 1 1 -1 0 1 -1 -1 -1 -0 -1 -0 1 -0 -1 1 1 0 -1 0 1 0 1 1 1 -1 -0 -1 -1 -0 0 -1 1 0 1 0 0 0 -1 -0 -0 1 -0 -1 -0 -1
0 0 0 0 0 0 0 0 1 -0 -0 -0 -0 -0 -0 -0 0 0 -1 0 1 1 0 1 0 1 1 -1 1 1 -0 -0 1 1 -1 -1 0 1 -1 -1 1 -1 -0 1 -1 -0 1 -1 0 1 -1 0 0 0 0 -1 0 -0 -1 -1 1 1 -0 -1 0 -1 -1 1 1 1 -1 0 1 -1 -1 -1 -0 -1 -0 1 0 -1 1 1 0 -1 0 1 0 1 1 1 -1 -0 -1 -1 1 0 -1 1 0 1 0 0 0 -1 -0 -0 1 -0 -1 -0
0 0 0 0 0 0 0 0 0 1 -0 -0 -0 -0 -0 -0 0 0 0 -1 0 1 1 0 1 0 1 1 -1 1 1 -0 1 1 1 -1 -1 0 1 -1 -1 1 -1 -0 1 -1 -0 1 1 0 1 -1 0 0 0 0 -1 0 -0 -1 -1 1 1 -0 -1 0 -1 -1 1 1 1 -1 0 1 -1 -1 -1 -0 -1 -0 1 0 -1 1 1 0 -1 0 1 0 1 1 1 -1 -0 -1 0 1 0 -1 1 0 1 0 0 0 -1 -0 -0 1 -0 -1
0 0 0 0 0 0 0 0 0 0 1 -0 -0 -0 -0 -0 0 0 0 0 -1 0 1 1 0 1 0 1 1 -1 1 1 -1 1 1 1 -1 -1 0 1 -1 -1 1 -1 -0 1 -1 -0 0 1 0 1 -1 0 0 0 0 -1 0 -0 -1 -1 1 1 0 -1 0 -1 -1 1 1 1 -1 0 1 -1 -1 -1 -0 -1 1 1 0 -1 1 1 0 -1 0 1 0 1 1 1 -1 -0 1 0 1 0 -1 1 0 1 0 0 0 -1 -0 -0 1 -0
0 0 0 0 0 0 0 0 0 0 0 1 -0 -0 -0 -0 -1 0 0 0 0 -1 0 1 1 0 1 0 1 1 -1 1 0 -1 1 1 1 -1 -1 0 1 -1 -1 1 -1 -0 1 -1 -1 0 1 0 1 -1 0 0 0 0 -1 0 -0 -1 -1 1 1 0 -1 0 -1 -1 1 1 1 -1 0 1 -1 -1 -1 -0 0 1 1 0 -1 1 1 0 -1 0 1 0 1 1 1 -1 0 1 0 1 0 -1 1 0 1 0 0 0 -1 -0 -0 1
0 0 0 0 0 0 0 0 0 0 0 0 1 -0 -0 -0 -1 -1 0 0 0 0 -1 0 1 1 0 1 0 1 1 -1 1 0 -1 1 1 1 -1 -1 0 1 -1 -1 1 -1 -0 1 -1 -1 0 1 0 1 -1 0 0 0 0 -1 0 -0 -1 -1 0 1 0 -1 0 -1 -1 1 1 1 -1 0 1 -1 -1 -1 1 0 1 1 0 -1 1 1 0 -1 0 1 0 1 1 1 -1 0 1 0 1 0 -1 1 0 1 0 0 0 -1 -0 -0
0 0 0 0 0 0 0 0 0 0 0 0 0 1 -0 -0 1 -1 -1 0 0 0 0 -1 0 1 1 0 1 0 1 1 -1 1 0 -1 1 1 1 -1 -1 0 1 -1 -1 1 -1 -0 1 -1 -1 0 1 0 1 -1 0 0 0 0 -1 0 -0 -1 1 0 1 0 -1 0 -1 -1 1 1 1 -1 0 1 -1 -1 -1 1 0 1 1 0 -1 1 1 0 -1 0 1 0 1 1 0 -1 0 1 0 1 0 -1 1 0 1 0 0 0 -1 -0
0 0 0 0 0 0 0 0 0 0 0 0 0 0 1 -0 -1 1 -1 -1 0 0 0 0 -1 0 1 1 0 1 0 1 0 -1 1 0 -1 1 1 1 -1 -1 0 1 -1 -1 1 -1 1 1 -1 -1 0 1 0 1 -1 0 0 0 0 -1 0 -0 1 1 0 1 0 -1 0 -1 -1 1 1 1 -1 0 1 -1 -1 -1 1 0 1 1 0 -1 1 1 0 -1 0 1 0 1 0 0 -1 0 1 0 1 0 -1 1 0 1 0 0 0 -1
0 0 0 0 0 0 0 0 0 0 0 0 0 0 0 1 -1 -1 1 -1 -1 0 0 0 0 -1 0 1 1 0 1 0 1 0 -1 1 0 -1 1 1 1 -1 -1 0 1 -1 -1 1 0 1 1 -1 -1 0 1 0 1 -1 0 0 0 0 -1 0 1 1 1 0 1 0 -1 0 -1 -1 1 1 1 -1 0 1 -1 -1 -1 1 0 1 1 0 -1 1 1 0 -1 0 1 0 1 0 0 -1 0 1 0 1 0 -1 1 0 1 0 0 0
0 -1 -0 -0 1 -0 -1 -0 -1 -0 1 -1 -0 -1 -0 -0 1 -0 -0 -0 -0 -0 -0 -0 -0 -0 -0 -0 -0 -0 -0 -0 0 1 1 -1 1 1 -0 -0 -0 -0 1 -0 -1 -1 -0 -1 1 -1 -0 1 -1 -0 1 -1 -1 -1 1 1 -0 -1 1 1 0 -0 -1 -1 1 1 -0 -1 -0 -1 1 -0 -0 -0 -0 1 1 -1 -1 -1 -0 -1 -0 1 -0 1 1 -1 -1 -1 1 -0 0 1 1 1 -1 -0 -1 -1 -0 1 -1 -1 -0 1 -0 -1
0 0 -1 -0 -0 1 -0 -1 -0 -1 -0 1 -1 -0 -1 -0 0 1 -0 -0 -0 -0 -0 -0 -0 -0 -0 -0 -0 -0 -0 -0 1 0 1 1 -1 1 1 -0 -0 -0 -0 1 -0 -1 -1 -0 -1 1 -1 -0 1 -1 -0 1 -1 -1 -1 1 1 -0 -1 1 -1 0 -0 -1 -1 1 1 -0 -1 -0 -1 1 -0 -0 -0 -0 0 1 -1 -1 -1 -0 -1 -0 1 -0 1 1 -1 -1 -1 1 1 0 1 1 1 -1 -0 -1 -1 -0 1 -1 -1 -0 1 -0
0 0 0 -1 -0 -0 1 -0 -1 -0 -1 -0 1 -1 -0 -1 0 0 1 -0 -0 -0 -0 -0 -0 -0 -0 -0 -0 -0 -0 -0 0 1 0 1 1 -1 1 1 -0 -0 -0 -0 1 -0 -1 -1 -1 -1 1 -1 -0 1 -1 -0 1 -1 -1 -1 1 1 -0 -1 0 -1 0 -0 -1 -1 1 1 -0 -1 -0 -1 1 -0 -0 -0 -1 0 1 -1 -1 -1 -0 -1 -0 1 -0 1 1 -1 -1 -1 0 1 0 1 1 1 -1 -0 -1 -1 -0 1 -1 -1 -0 1
1 0 0 0 -1 -0 -0 1 -0 -1 -0 -1 -0 1 -1 -0 0 0 0 1 -0 -0 -0 -0 -0 -0 -0 -0 -0 -0 -0 -0 1 0 1 0 1 1 -1 1 1 -0 -0 -0 -0 1 -0 -1 1 -1 -1 1 -1 -0 1 -1 -0 1 -1 -1 -1 1 1 -0 0 0 -1 0 -0 -1 -1 1 1 -0 -1 -0 -1 1 -0 -0 1 -1 0 1 -1 -1 -1 -0 -1 -0 1 -0 1 1 -1 -1 -1 0 1 0 1 1 1 -1 -0 -1 -1 -0 1 -1 -1 -0
0 1 0 0 0 -1 -0 -0 1 -0 -1 -0 -1 -0 1 -1 0 0 0 0 1 -0 -0 -0 -0 -0 -0 -0 -0 -0 -0 -0 1 1 0 1 0 1 1 -1 1 1 -0 -0 -0 -0 1 -0 0 1 -1 -1 1 -1 -0 1 -1 -0 1 -1 -1 -1 1 1 0 0 0 -1 0 -0 -1 -1 1 1 -0 -1 -0 -1 1 -0 1 1 -1 0 1 -1 -1 -1 -0 -1 -0 1 -0 1 1 -1 0 -1 0 1 0 1 1 1 -1 -0 -1 -1 -0 1 -1 -1
1 0 1 0 0 0 -1 -0 -0 1 -0 -1 -0 -1 -0 1 0 0 0 0 0 1 -0 -0 -0 -0 -0 -0 -0 -0 -0 -0 0 1 1 0 1 0 1 1 -1 1 1 -0 -0 -0 -0 1 -1 0 1 -1 -1 1 -1 -0 1 -1 -0 1 -1 -1 -1 1 0 0 0 0 -1 0 -0 -1 -1 1 1 -0 -1 -0 -1 1 1 1 1 -1 0 1 -1 -1 -1 -0 -1 -0 1 -0 1 1 1 0 -1 0 1 0 1 1 1 -1 -0 -1 -1 -0 1 -1
-1 1 0 1 0 0 0 -1 -0 -0 1 -0 -1 -0 -1 -0 0 0 0 0 0 0 1 -0 -0 -0 -0 -0 -0 -0 -0 -0 -1 0 1 1 0 1 0 1 1 -1 1 1 -0 -0 -0 -0 -1 -1 0 1 -1 -1 1 -1 -0 1 -1 -0 1 -1 -1 -1 -1 0 0 0 0 -1 0 -0 -1 -1 1 1 -0 -1 -0 -1 -1 1 1 1 -1 0 1 -1 -1 -1 -0 -1 -0 1 -0 1 1 1 0 -1 0 1 0 1 1 1 -1 -0 -1 -1 -0 1
0 -1 1 0 1 0 0 0 -1 -0 -0 1 -0 -1 -0 -1 0 0 0 0 0 0 0 1 -0 -0 -0 -0 -0 -0 -0 -0 0 -1 0 1 1 0 1 0 1 1 -1 1 1 -0 -0 -0 1 -1 -1 0 1 -1 -1 1 -1 -0 1 -1 -0 1 -1 -1 1 -1 0 0 0 0 -1 0 -0 -1 -1 1 1 -0 -1 -0 -1 -1 1 1 1 -1 0 1 -1 -1 -1 -0 -1 -0 1 -0 -1 1 1 0 -1 0 1 0 1 1 1 -1 -0 -1 -1 -0
1 0 -1 1 0 1 0 0 0 -1 -0 -0 1 -0 -1 -0 0 0 0 0 0 0 0 0 1 -0 -0 -0 -0 -0 -0 -0 0 0 -1 0 1 1 0 1 0 1 1 -1 1 1 -0 -0 1 1 -1 -1 0 1 -1 -1 1 -1 -0 1 -1 -0 1 -1 0 1 -1 0 0 0 0 -1 0 -0 -1 -1 1 1 -0 -1 0 -1 -1 1 1 1 -1 0 1 -1 -1 -1 -0 -1 -0 1 0 -1 1 1 0 -1 0 1 0 1 1 1 -1 -0 -1 -1
0 1 0 -1 1 0 1 0 0 0 -1 -0 -0 1 -0 -1 0 0 0 0 0 0 0 0 0 1 -0 -0 -0 -0 -0 -0 0 0 0 -1 0 1 1 0 1 0 1 1 -1 1 1 -0 1 1 1 -1 -1 0 1 -1 -1 1 -1 -0 1 -1 -0 1 1 0 1 -1 0 0 0 0 -1 0 -0 -1 -1 1 1 -0 -1 0 -1 -1 1 1 1 -1 0 1 -1 -1 -1 -0 -1 -0 1 0 -1 1 1 0 -1 0 1 0 1 1 1 -1 -0 -1
1 0 1 0 -1 1 0 1 0 0 0 -1 -0 -0 1 -0 0 0 0 0 0 0 0 0 0 0 1 -0 -0 -0 -0 -0 0 0 0 0 -1 0 1 1 0 1 0 1 1 -1 1 1 -1 1 1 1 -1 -1 0 1 -1 -1 1 -1 -0 1 -1 -0 0 1 0 1 -1 0 0 0 0 -1 0 -0 -1 -1 1 1 0 -1 0 -1 -1 1 1 1 -1 0 1 -1 -1 -1 -0 -1 1 1 0 -1 1 1 0 -1 0 1 0 1 1 1 -1 -0
0 1 0 1 0 -1 1 0 1 0 0 0 -1 -0 -0 1 0 0 0 0 0 0 0 0 0 0 0 1 -0 -0 -0 -0 -1 0 0 0 0 -1 0 1 1 0 1 0 1 1 -1 1 0 -1 1 1 1 -1 -1 0 1 -1 -1 1 -1 -0 1 -1 -1 0 1 0 1 -1 0 0 0 0 -1 0 -0 -1 -1 1 1 0 -1 0 -1 -1 1 1 1 -1 0 1 -1 -1 -1 -0 0 1 1 0 -1 1 1 0 -1 0 1 0 1 1 1 -1
-1 0 1 0 1 0 -1 1 0 1 0 0 0 -1 -0 -0 0 0 0 0 0 0 0 0 0 0 0 0 1 -0 -0 -0 -1 -1 0 0 0 0 -1 0 1 1 0 1 0 1 1 -1 1 0 -1 1 1 1 -1 -1 0 1 -1 -1 1 -1 -0 1 -1 -1 0 1 0 1 -1 0 0 0 0 -1 0 -0 -1 -1 0 1 0 -1 0 -1 -1 1 1 1 -1 0 1 -1 -1 -1 1 0 1 1 0 -1 1 1 0 -1 0 1 0 1 1 1
0 -1 0 1 0 1 0 -1 1 0 1 0 0 0 -1 -0 0 0 0 0 0 0 0 0 0 0 0 0 0 1 -0 -0 1 -1 -1 0 0 0 0 -1 0 1 1 0 1 0 1 1 -1 1 0 -1 1 1 1 -1 -1 0 1 -1 -1 1 -1 -0 1 -1 -1 0 1 0 1 -1 0 0 0 0 -1 0 -0 -1 1 0 1 0 -1 0 -1 -1 1 1 1 -1 0 1 -1 -1 -1 1 0 1 1 0 -1 1 1 0 -1 0 1 0 1 1
0 0 -1 0 1 0 1 0 -1 1 0 1 0 0 0 -1 0 0 0 0 0 0 0 0 0 0 0 0 0 0 1 -0 -1 1 -1 -1 0 0 0 0 -1 0 1 1 0 1 0 1 0 -1 1 0 -1 1 1 1 -1 -1 0 1 -1 -1 1 -1 1 1 -1 -1 0 1 0 1 -1 0 0 0 0 -1 0 -0 1 1 0 1 0 -1 0 -1 -1 1 1 1 -1 0 1 -1 -1 -1 1 0 1 1 0 -1 1 1 0 -1 0 1 0 1
1 0 0 -1 0 1 0 1 0 -1 1 0 1 0 0 0 0 0 0 0 0 0 0 0 0 0 0 0 0 0 0 1 -1 -1 1 -1 -1 0 0 0 0 -1 0 1 1 0 1 0 1 0 -1 1 0 -1 1 1 1 -1 -1 0 1 -1 -1 1 0 1 1 -1 -1 0 1 0 1 -1 0 0 0 0 -1 0 1 1 1 0 1 0 -1 0 -1 -1 1 1 1 -1 0 1 -1 -1 -1 1 0 1 1 0 -1 1 1 0 -1 0 1 0
0 1 1 1 -1 -0 -1 -1 -0 1 -1 -1 -0 1 -0 -1 0 -1 -0 -0 1 -0 -1 -0 -1 -0 1 -1 -0 -1 -0 -0 1 -0 -0 -0 -0 -0 -0 -0 -0 -0 -0 -0 -0 -0 -0 -0 0 1 1 -1 1 1 -0 -0 -0 -0 1 -0 -1 -1 -0 -1 1 -1 -0 1 -1 -0 1 -1 -1 -1 1 1 -0 -1 1 1 0 -0 -1 -1 1 1 -0 -1 -0 -1 1 -0 -0 -0 -0 1 1 -1 -1 -1 -0 -1 -0 1 -0 1 1 -1 -1 -1 1 -0
1 0 1 1 1 -1 -0 -1 -1 -0 1 -1 -1 -0 1 -0 0 0 -1 -0 -0 1 -0 -1 -0 -1 -0 1 -1 -0 -1 -0 0 1 -0 -0 -0 -0 -0 -0 -0 -0 -0 -0 -0 -0 -0 -0 1 0 1 1 -1 1 1 -0 -0 -0 -0 1 -0 -1 -1 -0 -1 1 -1 -0 1 -1 -0 1 -1 -1 -1 1 1 -0 -1 1 -1 0 -0 -1 -1 1 1 -0 -1 -0 -1 1 -0 -0 -0 -0 0 1 -1 -1 -1 -0 -1 -0 1 -0 1 1 -1 -1 -1 1
0 1 0 1 1 1 -1 -0 -1 -1 -0 1 -1 -1 -0 1 0 0 0 -1 -0 -0 1 -0 -1 -0 -1 -0 1 -1 -0 -1 0 0 1 -0 -0 -0 -0 -0 -0 -0 -0 -0 -0 -0 -0 -0 0 1 0 1 1 -1 1 1 -0 -0 -0 -0 1 -0 -1 -1 -1 -1 1 -1 -0 1 -1 -0 1 -1 -1 -1 1 1 -0 -1 0 -1 0 -0 -1 -1 1 1 -0 -1 -0 -1 1 -0 -0 -0 -1 0 1 -1 -1 -1 -0 -1 -0 1 -0 1 1 -1 -1 -1
-1 0 1 0 1 1 1 -1 -0 -1 -1 -0 1 -1 -1 -0 1 0 0 0 -1 -0 -0 1 -0 -1 -0 -1 -0 1 -1 -0 0 0 0 1 -0 -0 -0 -0 -0 -0 -0 -0 -0 -0 -0 -0 1 0 1 0 1 1 -1 1 1 -0 -0 -0 -0 1 -0 -1 1 -1 -1 1 -1 -0 1 -1 -0 1 -1 -1 -1 1 1 -0 0 0 -1 0 -0 -1 -1 1 1 -0 -1 -0 -1 1 -0 -0 1 -1 0 1 -1 -1 -1 -0 -1 -0 1 -0 1 1 -1 -1
0 -1 0 1 0 1 1 1 -1 -0 -1 -1 -0 1 -1 -1 0 1 0 0 0 -1 -0 -0 1 -0 -1 -0 -1 -0 1 -1 0 0 0 0 1 -0 -0 -0 -0 -0 -0 -0 -0 -0 -0 -0 1 1 0 1 0 1 1 -1 1 1 -0 -0 -0 -0 1 -0 0 1 -1 -1 1 -1 -0 1 -1 -0 1 -1 -1 -1 1 1 0 0 0 -1 0 -0 -1 -1 1 1 -0 -1 -0 -1 1 -0 1 1 -1 0 1 -1 -1 -1 -0 -1 -0 1 -0 1 1 -1
1 0 -1 0 1 0 1 1 1 -1 -0 -1 -1 -0 1 -1 1 0 1 0 0 0 -1 -0 -0 1 -0 -1 -0 -1 -0 1 0 0 0 0 0 1 -0 -0 -0 -0 -0 -0 -0 -0 -0 -0 0 1 1 0 1 0 1 1 -1 1 1 -0 -0 -0 -0 1 -1 0 1 -1 -1 1 -1 -0 1 -1 -0 1 -1 -1 -1 1 0 0 0 0 -1 0 -0 -1 -1 1 1 -0 -1 -0 -1 1 1 1 1 -1 0 1 -1 -1 -1 -0 -1 -0 1 -0 1 1
1 1 0 -1 0 1 0 1 1 1 -1 -0 -1 -1 -0 1 -1 1 0 1 0 0 0 -1 -0 -0 1 -0 -1 -0 -1 -0 0 0 0 0 0 0 1 -0 -0 -0 -0 -0 -0 -0 -0 -0 -1 0 1 1 0 1 0 1 1 -1 1 1 -0 -0 -0 -0 -1 -1 0 1 -1 -1 1 -1 -0 1 -1 -0 1 -1 -1 -1 -1 0 0 0 0 -1 0 -0 -1 -1 1 1 -0 -1 -0 -1 -1 1 1 1 -1 0 1 -1 -1 -1 -0 -1 -0 1 -0 1
-1 1 1 0 -1 0 1 0 1 1 1 -1 -0 -1 -1 -0 0 -1 1 0 1 0 0 0 -1 -0 -0 1 -0 -1 -0 -1 0 0 0 0 0 0 0 1 -0 -0 -0 -0 -0 -0 -0 -0 0 -1 0 1 1 0 1 0 1 1 -1 1 1 -0 -0 -0 1 -1 -1 0 1 -1 -1 1 -1 -0 1 -1 -0 1 -1 -1 1 -1 0 0 0 0 -1 0 -0 -1 -1 1 1 -0 -1 -0 -1 -1 1 1 1 -1 0 1 -1 -1 -1 -0 -1 -0 1 -0
0 -1 1 1 0 -1 0 1 0 1 1 1 -1 -0 -1 -1 1 0 -1 1 0 1 0 0 0 -1 -0 -0 1 -0 -1 -0 0 0 0 0 0 0 0 0 1 -0 -0 -0 -0 -0 -0 -0 0 0 -1 0 1 1 0 1 0 1 1 -1 1 1 -0 -0 1 1 -1 -1 0 1 -1 -1 1 -1 -0 1 -1 -0 1 -1 0 1 -1 0 0 0 0 -1 0 -0 -1 -1 1 1 -0 -1 0 -1 -1 1 1 1 -1 0 1 -1 -1 -1 -0 -1 -0 1
1 0 -1 1 1 0 -1 0 1 0 1 1 1 -1 -0 -1 0 1 0 -1 1 0 1 0 0 0 -1 -0 -0 1 -0 -1 0 0 0 0 0 0 0 0 0 1 -0 -0 -0 -0 -0 -0 0 0 0 -1 0 1 1 0 1 0 1 1 -1 1 1 -0 1 1 1 -1 -1 0 1 -1 -1 1 -1 -0 1 -1 -0 1 1 0 1 -1 0 0 0 0 -1 0 -0 -1 -1 1 1 -0 -1 0 -1 -1 1 1 1 -1 0 1 -1 -1 -1 -0 -1 -0
1 1 0 -1 1 1 0 -1 0 1 0 1 1 1 -1 -0 1 0 1 0 -1 1 0 1 0 0 0 -1 -0 -0 1 -0 0 0 0 0 0 0 0 0 0 0 1 -0 -0 -0 -0 -0 0 0 0 0 -1 0 1 1 0 1 0 1 1 -1 1 1 -1 1 1 1 -1 -1 0 1 -1 -1 1 -1 -0 1 -1 -0 0 1 0 1 -1 0 0 0 0 -1 0 -0 -1 -1 1 1 0 -1 0 -1 -1 1 1 1 -1 0 1 -1 -1 -1 -0 -1
0 1 1 0 -1 1 1 0 -1 0 1 0 1 1 1 -1 0 1 0 1 0 -1 1 0 1 0 0 0 -1 -0 -0 1 0 0 0 0 0 0 0 0 0 0 0 1 -0 -0 -0 -0 -1 0 0 0 0 -1 0 1 1 0 1 0 1 1 -1 1 0 -1 1 1 1 -1 -1 0 1 -1 -1 1 -1 -0 1 -1 -1 0 1 0 1 -1 0 0 0 0 -1 0 -0 -1 -1 1 1 0 -1 0 -1 -1 1 1 1 -1 0 1 -1 -1 -1 -0
1 0 1 1 0 -1 1 1 0 -1 0 1 0 1 1 1 -1 0 1 0 1 0 -1 1 0 1 0 0 0 -1 -0 -0 0 0 0 0 0 0 0 0 0 0 0 0 1 -0 -0 -0 -1 -1 0 0 0 0 -1 0 1 1 0 1 0 1 1 -1 1 0 -1 1 1 1 -1 -1 0 1 -1 -1 1 -1 -0 1 -1 -1 0 1 0 1 -1 0 0 0 0 -1 0 -0 -1 -1 0 1 0 -1 0 -1 -1 1 1 1 -1 0 1 -1 -1 -1
-1 1 0 1 1 0 -1 1 1 0 -1 0 1 0 1 1 0 -1 0 1 0 1 0 -1 1 0 1 0 0 0 -1 -0 0 0 0 0 0 0 0 0 0 0 0 0 0 1 -0 -0 1 -1 -1 0 0 0 0 -1 0 1 1 0 1 0 1 1 -1 1 0 -1 1 1 1 -1 -1 0 1 -1 -1 1 -1 -0 1 -1 -1 0 1 0 1 -1 0 0 0 0 -1 0 -0 -1 1 0 1 0 -1 0 -1 -1 1 1 1 -1 0 1 -1 -1
-1 -1 1 0 1 1 0 -1 1 1 0 -1 0 1 0 1 0 0 -1 0 1 0 1 0 -1 1 0 1 0 0 0 -1 0 0 0 0 0 0 0 0 0 0 0 0 0 0 1 -0 -1 1 -1 -1 0 0 0 0 -1 0 1 1 0 1 0 1 0 -1 1 0 -1 1 1 1 -1 -1 0 1 -1 -1 1 -1 1 1 -1 -1 0 1 0 1 -1 0 0 0 0 -1 0 -0 1 1 0 1 0 -1 0 -1 -1 1 1 1 -1 0 1 -1
-1 -1 -1 1 0 1 1 0 -1 1 1 0 -1 0 1 0 1 0 0 -1 0 1 0 1 0 -1 1 0 1 0 0 0 0 0 0 0 0 0 0 0 0 0 0 0 0 0 0 1 -1 -1 1 -1 -1 0 0 0 0 -1 0 1 1 0 1 0 1 0 -1 1 0 -1 1 1 1 -1 -1 0 1 -1 -1 1 0 1 1 -1 -1 0 1 0 1 -1 0 0 0 0 -1 0 1 1 1 0 1 0 -1 0 -1 -1 1 1 1 -1 0 1
1 -1 -1 -1 -0 -1 -0 1 -0 1 1 -1 -1 -1 1 -0 0 1 1 1 -1 -0 -1 -1 -0 1 -1 -1 -0 1 -0 -1 0 -1 -0 -0 1 -0 -1 -0 -1 -0 1 -1 -0 -1 -0 -0 1 -0 -0 -0 -0 -0 -0 -0 -0 -0 -0 -0 -0 -0 -0 -0 0 1 1 -1 1 1 -0 -0 -0 -0 1 -0 -1 -1 -0 -1 1 -1 -0 1 -1 -0 1 -1 -1 -1 1 1 -0 -1 1 1 0 -0 -1 -1 1 1 -0 -1 -0 -1 1 -0 -0 -0 -0 1
0 1 -1 -1 -1 -0 -1 -0 1 -0 1 1 -1 -1 -1 1 1 0 1 1 1 -1 -0 -1 -1 -0 1 -1 -1 -0 1 -0 0 0 -1 -0 -0 1 -0 -1 -0 -1 -0 1 -1 -0 -1 -0 0 1 -0 -0 -0 -0 -0 -0 -0 -0 -0 -0 -0 -0 -0 -0 1 0 1 1 -1 1 1 -0 -0 -0 -0 1 -0 -1 -1 -0 -1 1 -1 -0 1 -1 -0 1 -1 -1 -1 1 1 -0 -1 1 -1 0 -0 -1 -1 1 1 -0 -1 -0 -1 1 -0 -0 -0 -0
-1 0 1 -1 -1 -1 -0 -1 -0 1 -0 1 1 -1 -1 -1 0 1 0 1 1 1 -1 -0 -1 -1 -0 1 -1 -1 -0 1 0 0 0 -1 -0 -0 1 -0 -1 -0 -1 -0 1 -1 -0 -1 0 0 1 -0 -0 -0 -0 -0 -0 -0 -0 -0 -0 -0 -0 -0 0 1 0 1 1 -1 1 1 -0 -0 -0 -0 1 -0 -1 -1 -1 -1 1 -1 -0 1 -1 -0 1 -1 -1 -1 1 1 -0 -1 0 -1 0 -0 -1 -1 1 1 -0 -1 -0 -1 1 -0 -0 -0
1 -1 0 1 -1 -1 -1 -0 -1 -0 1 -0 1 1 -1 -1 -1 0 1 0 1 1 1 -1 -0 -1 -1 -0 1 -1 -1 -0 1 0 0 0 -1 -0 -0 1 -0 -1 -0 -1 -0 1 -1 -0 0 0 0 1 -0 -0 -0 -0 -0 -0 -0 -0 -0 -0 -0 -0 1 0 1 0 1 1 -1 1 1 -0 -0 -0 -0 1 -0 -1 1 -1 -1 1 -1 -0 1 -1 -0 1 -1 -1 -1 1 1 -0 0 0 -1 0 -0 -1 -1 1 1 -0 -1 -0 -1 1 -0 -0
1 1 -1 0 1 -1 -1 -1 -0 -1 -0 1 -0 1 1 -1 0 -1 0 1 0 1 1 1 -1 -0 -1 -1 -0 1 -1 -1 0 1 0 0 0 -1 -0 -0 1 -0 -1 -0 -1 -0 1 -1 0 0 0 0 1 -0 -0 -0 -0 -0 -0 -0 -0 -0 -0 -0 1 1 0 1 0 1 1 -1 1 1 -0 -0 -0 -0 1 -0 0 1 -1 -1 1 -1 -0 1 -1 -0 1 -1 -1 -1 1 1 0 0 0 -1 0 -0 -1 -1 1 1 -0 -1 -0 -1 1 -0
1 1 1 -1 0 1 -1 -1 -1 -0 -1 -0 1 -0 1 1 1 0 -1 0 1 0 1 1 1 -1 -0 -1 -1 -0 1 -1 1 0 1 0 0 0 -1 -0 -0 1 -0 -1 -0 -1 -0 1 0 0 0 0 0 1 -0 -0 -0 -0 -0 -0 -0 -0 -0 -0 0 1 1 0 1 0 1 1 -1 1 1 -0 -0 -0 -0 1 -1 0 1 -1 -1 1 -1 -0 1 -1 -0 1 -1 -1 -1 1 0 0 0 0 -1 0 -0 -1 -1 1 1 -0 -1 -0 -1 1
-1 1 1 1 -1 0 1 -1 -1 -1 -0 -1 -0 1 -0 1 1 1 0 -1 0 1 0 1 1 1 -1 -0 -1 -1 -0 1 -1 1 0 1 0 0 0 -1 -0 -0 1 -0 -1 -0 -1 -0 0 0 0 0 0 0 1 -0 -0 -0 -0 -0 -0 -0 -0 -0 -1 0 1 1 0 1 0 1 1 -1 1 1 -0 -0 -0 -0 -1 -1 0 1 -1 -1 1 -1 -0 1 -1 -0 1 -1 -1 -1 -1 0 0 0 0 -1 0 -0 -1 -1 1 1 -0 -1 -0 -1
-1 -1 1 1 1 -1 0 1 -1 -1 -1 -0 -1 -0 1 -0 -1 1 1 0 -1 0 1 0 1 1 1 -1 -0 -1 -1 -0 0 -1 1 0 1 0 0 0 -1 -0 -0 1 -0 -1 -0 -1 0 0 0 0 0 0 0 1 -0 -0 -0 -0 -0 -0 -0 -0 0 -1 0 1 1 0 1 0 1 1 -1 1 1 -0 -0 -0 1 -1 -1 0 1 -1 -1 1 -1 -0 1 -1 -0 1 -1 -1 1 -1 0 0 0 0 -1 0 -0 -1 -1 1 1 -0 -1 -0
0 -1 -1 1 1 1 -1 0 1 -1 -1 -1 -0 -1 -0 1 0 -1 1 1 0 -1 0 1 0 1 1 1 -1 -0 -1 -1 1 0 -1 1 0 1 0 0 0 -1 -0 -0 1 -0 -1 -0 0 0 0 0 0 0 0 0 1 -0 -0 -0 -0 -0 -0 -0 0 0 -1 0 1 1 0 1 0 1 1 -1 1 1 -0 -0 1 1 -1 -1 0 1 -1 -1 1 -1 -0 1 -1 -0 1 -1 0 1 -1 0 0 0 0 -1 0 -0 -1 -1 1 1 -0 -1
-1 0 -1 -1 1 1 1 -1 0 1 -1 -1 -1 -0 -1 -0 1 0 -1 1 1 0 -1 0 1 0 1 1 1 -1 -0 -1 0 1 0 -1 1 0 1 0 0 0 -1 -0 -0 1 -0 -1 0 0 0 0 0 0 0 0 0 1 -0 -0 -0 -0 -0 -0 0 0 0 -1 0 1 1 0 1 0 1 1 -1 1 1 -0 1 1 1 -1 -1 0 1 -1 -1 1 -1 -0 1 -1 -0 1 1 0 1 -1 0 0 0 0 -1 0 -0 -1 -1 1 1 -0
0 -1 0 -1 -1 1 1 1 -1 0 1 -1 -1 -1 -0 -1 1 1 0 -1 1 1 0 -1 0 1 0 1 1 1 -1 -0 1 0 1 0 -1 1 0 1 0 0 0 -1 -0 -0 1 -0 0 0 0 0 0 0 0 0 0 0 1 -0 -0 -0 -0 -0 0 0 0 0 -1 0 1 1 0 1 0 1 1 -1 1 1 -1 1 1 1 -1 -1 0 1 -1 -1 1 -1 -0 1 -1 -0 0 1 0 1 -1 0 0 0 0 -1 0 -0 -1 -1 1 1
1 0 -1 0 -1 -1 1 1 1 -1 0 1 -1 -1 -1 -0 0 1 1 0 -1 1 1 0 -1 0 1 0 1 1 1 -1 0 1 0 1 0 -1 1 0 1 0 0 0 -1 -0 -0 1 0 0 0 0 0 0 0 0 0 0 0 1 -0 -0 -0 -0 -1 0 0 0 0 -1 0 1 1 0 1 0 1 1 -1 1 0 -1 1 1 1 -1 -1 0 1 -1 -1 1 -1 -0 1 -1 -1 0 1 0 1 -1 0 0 0 0 -1 0 -0 -1 -1 1
0 1 0 -1 0 -1 -1 1 1 1 -1 0 1 -1 -1 -1 1 0 1 1 0 -1 1 1 0 -1 0 1 0 1 1 1 -1 0 1 0 1 0 -1 1 0 1 0 0 0 -1 -0 -0 0 0 0 0 0 0 0 0 0 0 0 0 1 -0 -0 -0 -1 -1 0 0 0 0 -1 0 1 1 0 1 0 1 1 -1 1 0 -1 1 1 1 -1 -1 0 1 -1 -1 1 -1 -0 1 -1 -1 0 1 0 1 -1 0 0 0 0 -1 0 -0 -1 -1
1 0 1 0 -1 0 -1 -1 1 1 1 -1 0 1 -1 -1 -1 1 0 1 1 0 -1 1 1 0 -1 0 1 0 1 1 0 -1 0 1 0 1 0 -1 1 0 1 0 0 0 -1 -0 0 0 0 0 0 0 0 0 0 0 0 0 0 1 -0 -0 1 -1 -1 0 0 0 0 -1 0 1 1 0 1 0 1 1 -1 1 0 -1 1 1 1 -1 -1 0 1 -1 -1 1 -1 -0 1 -1 -1 0 1 0 1 -1 0 0 0 0 -1 0 -0 -1
1 1 0 1 0 -1 0 -1 -1 1 1 1 -1 0 1 -1 -1 -1 1 0 1 1 0 -1 1 1 0 -1 0 1 0 1 0 0 -1 0 1 0 1 0 -1 1 0 1 0 0 0 -1 0 0 0 0 0 0 0 0 0 0 0 0 0 0 1 -0 -1 1 -1 -1 0 0 0 0 -1 0 1 1 0 1 0 1 0 -1 1 0 -1 1 1 1 -1 -1 0 1 -1 -1 1 -1 1 1 -1 -1 0 1 0 1 -1 0 0 0 0 -1 0 -0
1 1 1 0 1 0 -1 0 -1 -1 1 1 1 -1 0 1 -1 -1 -1 1 0 1 1 0 -1 1 1 0 -1 0 1 0 1 0 0 -1 0 1 0 1 0 -1 1 0 1 0 0 0 0 0 0 0 0 0 0 0 0 0 0 0 0 0 0 1 -1 -1 1 -1 -1 0 0 0 0 -1 0 1 1 0 1 0 1 0 -1 1 0 -1 1 1 1 -1 -1 0 1 -1 -1 1 0 1 1 -1 -1 0 1 0 1 -1 0 0 0 0 -1 0
0 -0 -1 -1 1 1 -0 -1 -0 -1 1 -0 -0 -0 -0 1 1 -1 -1 -1 -0 -1 -0 1 -0 1 1 -1 -1 -1 1 -0 0 1 1 1 -1 -0 -1 -1 -0 1 -1 -1 -0 1 -0 -1 0 -1 -0 -0 1 -0 -1 -0 -1 -0 1 -1 -0 -1 -0 -0 1 -0 -0 -0 -0 -0 -0 -0 -0 -0 -0 -0 -0 -0 -0 -0 0 1 1 -1 1 1 -0 -0 -0 -0 1 -0 -1 -1 -0 -1 1 -1 -0 1 -1 -0 1 -1 -1 -1 1 1 -0 -1 1 1
-1 0 -0 -1 -1 1 1 -0 -1 -0 -1 1 -0 -0 -0 -0 0 1 -1 -1 -1 -0 -1 -0 1 -0 1 1 -1 -1 -1 1 1 0 1 1 1 -1 -0 -1 -1 -0 1 -1 -1 -0 1 -0 0 0 -1 -0 -0 1 -0 -1 -0 -1 -0 1 -1 -0 -1 -0 0 1 -0 -0 -0 -0 -0 -0 -0 -0 -0 -0 -0 -0 -0 -0 1 0 1 1 -1 1 1 -0 -0 -0 -0 1 -0 -1 -1 -0 -1 1 -1 -0 1 -1 -0 1 -1 -1 -1 1 1 -0 -1 1
0 -1 0 -0 -1 -1 1 1 -0 -1 -0 -1 1 -0 -0 -0 -1 0 1 -1 -1 -1 -0 -1 -0 1 -0 1 1 -1 -1 -1 0 1 0 1 1 1 -1 -0 -1 -1 -0 1 -1 -1 -0 1 0 0 0 -1 -0 -0 1 -0 -1 -0 -1 -0 1 -1 -0 -1 0 0 1 -0 -0 -0 -0 -0 -0 -0 -0 -0 -0 -0 -0 -0 0 1 0 1 1 -1 1 1 -0 -0 -0 -0 1 -0 -1 -1 -1 -1 1 -1 -0 1 -1 -0 1 -1 -1 -1 1 1 -0 -1
0 0 -1 0 -0 -1 -1 1 1 -0 -1 -0 -1 1 -0 -0 1 -1 0 1 -1 -1 -1 -0 -1 -0 1 -0 1 1 -1 -1 -1 0 1 0 1 1 1 -1 -0 -1 -1 -0 1 -1 -1 -0 1 0 0 0 -1 -0 -0 1 -0 -1 -0 -1 -0 1 -1 -0 0 0 0 1 -0 -0 -0 -0 -0 -0 -0 -0 -0 -0 -0 -0 1 0 1 0 1 1 -1 1 1 -0 -0 -0 -0 1 -0 -1 1 -1 -1 1 -1 -0 1 -1 -0 1 -1 -1 -1 1 1 -0
0 0 0 -1 0 -0 -1 -1 1 1 -0 -1 -0 -1 1 -0 1 1 -1 0 1 -1 -1 -1 -0 -1 -0 1 -0 1 1 -1 0 -1 0 1 0 1 1 1 -1 -0 -1 -1 -0 1 -1 -1 0 1 0 0 0 -1 -0 -0 1 -0 -1 -0 -1 -0 1 -1 0 0 0 0 1 -0 -0 -0 -0 -0 -0 -0 -0 -0 -0 -0 1 1 0 1 0 1 1 -1 1 1 -0 -0 -0 -0 1 -0 0 1 -1 -1 1 -1 -0 1 -1 -0 1 -1 -1 -1 1 1
0 0 0 0 -1 0 -0 -1 -1 1 1 -0 -1 -0 -1 1 1 1 1 -1 0 1 -1 -1 -1 -0 -1 -0 1 -0 1 1 1 0 -1 0 1 0 1 1 1 -1 -0 -1 -1 -0 1 -1 1 0 1 0 0 0 -1 -0 -0 1 -0 -1 -0 -1 -0 1 0 0 0 0 0 1 -0 -0 -0 -0 -0 -0 -0 -0 -0 -0 0 1 1 0 1 0 1 1 -1 1 1 -0 -0 -0 -0 1 -1 0 1 -1 -1 1 -1 -0 1 -1 -0 1 -1 -1 -1 1
-1 0 0 0 0 -1 0 -0 -1 -1 1 1 -0 -1 -0 -1 -1 1 1 1 -1 0 1 -1 -1 -1 -0 -1 -0 1 -0 1 1 1 0 -1 0 1 0 1 1 1 -1 -0 -1 -1 -0 1 -1 1 0 1 0 0 0 -1 -0 -0 1 -0 -1 -0 -1 -0 0 0 0 0 0 0 1 -0 -0 -0 -0 -0 -0 -0 -0 -0 -1 0 1 1 0 1 0 1 1 -1 1 1 -0 -0 -0 -0 -1 -1 0 1 -1 -1 1 -1 -0 1 -1 -0 1 -1 -1 -1
1 -1 0 0 0 0 -1 0 -0 -1 -1 1 1 -0 -1 -0 -1 -1 1 1 1 -1 0 1 -1 -1 -1 -0 -1 -0 1 -0 -1 1 1 0 -1 0 1 0 1 1 1 -1 -0 -1 -1 -0 0 -1 1 0 1 0 0 0 -1 -0 -0 1 -0 -1 -0 -1 0 0 0 0 0 0 0 1 -0 -0 -0 -0 -0 -0 -0 -0 0 -1 0 1 1 0 1 0 1 1 -1 1 1 -0 -0 -0 1 -1 -1 0 1 -1 -1 1 -1 -0 1 -1 -0 1 -1 -1
0 1 -1 0 0 0 0 -1 0 -0 -1 -1 1 1 -0 -1 0 -1 -1 1 1 1 -1 0 1 -1 -1 -1 -0 -1 -0 1 0 -1 1 1 0 -1 0 1 0 1 1 1 -1 -0 -1 -1 1 0 -1 1 0 1 0 0 0 -1 -0 -0 1 -0 -1 -0 0 0 0 0 0 0 0 0 1 -0 -0 -0 -0 -0 -0 -0 0 0 -1 0 1 1 0 1 0 1 1 -1 1 1 -0 -0 1 1 -1 -1 0 1 -1 -1 1 -1 -0 1 -1 -0 1 -1
1 0 1 -1 0 0 0 0 -1 0 -0 -1 -1 1 1 -0 -1 0 -1 -1 1 1 1 -1 0 1 -1 -1 -1 -0 -1 -0 1 0 -1 1 1 0 -1 0 1 0 1 1 1 -1 -0 -1 0 1 0 -1 1 0 1 0 0 0 -1 -0 -0 1 -0 -1 0 0 0 0 0 0 0 0 0 1 -0 -0 -0 -0 -0 -0 0 0 0 -1 0 1 1 0 1 0 1 1 -1 1 1 -0 1 1 1 -1 -1 0 1 -1 -1 1 -1 -0 1 -1 -0 1
0 1 0 1 -1 0 0 0 0 -1 0 -0 -1 -1 1 1 0 -1 0 -1 -1 1 1 1 -1 0 1 -1 -1 -1 -0 -1 1 1 0 -1 1 1 0 -1 0 1 0 1 1 1 -1 -0 1 0 1 0 -1 1 0 1 0 0 0 -1 -0 -0 1 -0 0 0 0 0 0 0 0 0 0 0 1 -0 -0 -0 -0 -0 0 0 0 0 -1 0 1 1 0 1 0 1 1 -1 1 1 -1 1 1 1 -1 -1 0 1 -1 -1 1 -1 -0 1 -1 -0
-1 0 1 0 1 -1 0 0 0 0 -1 0 -0 -1 -1 1 1 0 -1 0 -1 -1 1 1 1 -1 0 1 -1 -1 -1 -0 0 1 1 0 -1 1 1 0 -1 0 1 0 1 1 1 -1 0 1 0 1 0 -1 1 0 1 0 0 0 -1 -0 -0 1 0 0 0 0 0 0 0 0 0 0 0 1 -0 -0 -0 -0 -1 0 0 0 0 -1 0 1 1 0 1 0 1 1 -1 1 0 -1 1 1 1 -1 -1 0 1 -1 -1 1 -1 -0 1 -1
-1 -1 0 1 0 1 -1 0 0 0 0 -1 0 -0 -1 -1 0 1 0 -1 0 -1 -1 1 1 1 -1 0 1 -1 -1 -1 1 0 1 1 0 -1 1 1 0 -1 0 1 0 1 1 1 -1 0 1 0 1 0 -1 1 0 1 0 0 0 -1 -0 -0 0 0 0 0 0 0 0 0 0 0 0 0 1 -0 -0 -0 -1 -1 0 0 0 0 -1 0 1 1 0 1 0 1 1 -1 1 0 -1 1 1 1 -1 -1 0 1 -1 -1 1 -1 -0 1
1 -1 -1 0 1 0 1 -1 0 0 0 0 -1 0 -0 -1 1 0 1 0 -1 0 -1 -1 1 1 1 -1 0 1 -1 -1 -1 1 0 1 1 0 -1 1 1 0 -1 0 1 0 1 1 0 -1 0 1 0 1 0 -1 1 0 1 0 0 0 -1 -0 0 0 0 0 0 0 0 0 0 0 0 0 0 1 -0 -0 1 -1 -1 0 0 0 0 -1 0 1 1 0 1 0 1 1 -1 1 0 -1 1 1 1 -1 -1 0 1 -1 -1 1 -1 -0
1 1 -1 -1 0 1 0 1 -1 0 0 0 0 -1 0 -0 1 1 0 1 0 -1 0 -1 -1 1 1 1 -1 0 1 -1 -1 -1 1 0 1 1 0 -1 1 1 0 -1 0 1 0 1 0 0 -1 0 1 0 1 0 -1 1 0 1 0 0 0 -1 0 0 0 0 0 0 0 0 0 0 0 0 0 0 1 -0 -1 1 -1 -1 0 0 0 0 -1 0 1 1 0 1 0 1 0 -1 1 0 -1 1 1 1 -1 -1 0 1 -1 -1 1 -1
0 1 1 -1 -1 0 1 0 1 -1 0 0 0 0 -1 0 1 1 1 0 1 0 -1 0 -1 -1 1 1 1 -1 0 1 -1 -1 -1 1 0 1 1 0 -1 1 1 0 -1 0 1 0 1 0 0 -1 0 1 0 1 0 -1 1 0 1 0 0 0 0 0 0 0 0 0 0 0 0 0 0 0 0 0 0 1 -1 -1 1 -1 -1 0 0 0 0 -1 0 1 1 0 1 0 1 0 -1 1 0 -1 1 1 1 -1 -1 0 1 -1 -1 1
1 -1 -0 1 -1 -0 1 -1 -1 -1 1 1 -0 -1 1 1 0 -0 -1 -1 1 1 -0 -1 -0 -1 1 -0 -0 -0 -0 1 1 -1 -1 -1 -0 -1 -0 1 -0 1 1 -1 -1 -1 1 -0 0 1 1 1 -1 -0 -1 -1 -0 1 -1 -1 -0 1 -0 -1 0 -1 -0 -0 1 -0 -1 -0 -1 -0 1 -1 -0 -1 -0 -0 1 -0 -0 -0 -0 -0 -0 -0 -0 -0 -0 -0 -0 -0 -0 -0 0 1 1 -1 1 1 -0 -0 -0 -0 1 -0 -1 -1 -0 -1
-1 1 -1 -0 1 -1 -0 1 -1 -1 -1 1 1 -0 -1 1 -1 0 -0 -1 -1 1 1 -0 -1 -0 -1 1 -0 -0 -0 -0 0 1 -1 -1 -1 -0 -1 -0 1 -0 1 1 -1 -1 -1 1 1 0 1 1 1 -1 -0 -1 -1 -0 1 -1 -1 -0 1 -0 0 0 -1 -0 -0 1 -0 -1 -0 -1 -0 1 -1 -0 -1 -0 0 1 -0 -0 -0 -0 -0 -0 -0 -0 -0 -0 -0 -0 -0 -0 1 0 1 1 -1 1 1 -0 -0 -0 -0 1 -0 -1 -1 -0
-1 -1 1 -1 -0 1 -1 -0 1 -1 -1 -1 1 1 -0 -1 0 -1 0 -0 -1 -1 1 1 -0 -1 -0 -1 1 -0 -0 -0 -1 0 1 -1 -1 -1 -0 -1 -0 1 -0 1 1 -1 -1 -1 0 1 0 1 1 1 -1 -0 -1 -1 -0 1 -1 -1 -0 1 0 0 0 -1 -0 -0 1 -0 -1 -0 -1 -0 1 -1 -0 -1 0 0 1 -0 -0 -0 -0 -0 -0 -0 -0 -0 -0 -0 -0 -0 0 1 0 1 1 -1 1 1 -0 -0 -0 -0 1 -0 -1 -1
1 -1 -1 1 -1 -0 1 -1 -0 1 -1 -1 -1 1 1 -0 0 0 -1 0 -0 -1 -1 1 1 -0 -1 -0 -1 1 -0 -0 1 -1 0 1 -1 -1 -1 -0 -1 -0 1 -0 1 1 -1 -1 -1 0 1 0 1 1 1 -1 -0 -1 -1 -0 1 -1 -1 -0 1 0 0 0 -1 -0 -0 1 -0 -1 -0 -1 -0 1 -1 -0 0 0 0 1 -0 -0 -0 -0 -0 -0 -0 -0 -0 -0 -0 -0 1 0 1 0 1 1 -1 1 1 -0 -0 -0 -0 1 -0 -1
0 1 -1 -1 1 -1 -0 1 -1 -0 1 -1 -1 -1 1 1 0 0 0 -1 0 -0 -1 -1 1 1 -0 -1 -0 -1 1 -0 1 1 -1 0 1 -1 -1 -1 -0 -1 -0 1 -0 1 1 -1 0 -1 0 1 0 1 1 1 -1 -0 -1 -1 -0 1 -1 -1 0 1 0 0 0 -1 -0 -0 1 -0 -1 -0 -1 -0 1 -1 0 0 0 0 1 -0 -0 -0 -0 -0 -0 -0 -0 -0 -0 -0 1 1 0 1 0 1 1 -1 1 1 -0 -0 -0 -0 1 -0
-1 0 1 -1 -1 1 -1 -0 1 -1 -0 1 -1 -1 -1 1 0 0 0 0 -1 0 -0 -1 -1 1 1 -0 -1 -0 -1 1 1 1 1 -1 0 1 -1 -1 -1 -0 -1 -0 1 -0 1 1 1 0 -1 0 1 0 1 1 1 -1 -0 -1 -1 -0 1 -1 1 0 1 0 0 0 -1 -0 -0 1 -0 -1 -0 -1 -0 1 0 0 0 0 0 1 -0 -0 -0 -0 -0 -0 -0 -0 -0 -0 0 1 1 0 1 0 1 1 -1 1 1 -0 -0 -0 -0 1
-1 -1 0 1 -1 -1 1 -1 -0 1 -1 -0 1 -1 -1 -1 -1 0 0 0 0 -1 0 -0 -1 -1 1 1 -0 -1 -0 -1 -1 1 1 1 -1 0 1 -1 -1 -1 -0 -1 -0 1 -0 1 1 1 0 -1 0 1 0 1 1 1 -1 -0 -1 -1 -0 1 -1 1 0 1 0 0 0 -1 -0 -0 1 -0 -1 -0 -1 -0 0 0 0 0 0 0 1 -0 -0 -0 -0 -0 -0 -0 -0 -0 -1 0 1 1 0 1 0 1 1 -1 1 1 -0 -0 -0 -0
1 -1 -1 0 1 -1 -1 1 -1 -0 1 -1 -0 1 -1 -1 1 -1 0 0 0 0 -1 0 -0 -1 -1 1 1 -0 -1 -0 -1 -1 1 1 1 -1 0 1 -1 -1 -1 -0 -1 -0 1 -0 -1 1 1 0 -1 0 1 0 1 1 1 -1 -0 -1 -1 -0 0 -1 1 0 1 0 0 0 -1 -0 -0 1 -0 -1 -0 -1 0 0 0 0 0 0 0 1 -0 -0 -0 -0 -0 -0 -0 -0 0 -1 0 1 1 0 1 0 1 1 -1 1 1 -0 -0 -0
1 1 -1 -1 0 1 -1 -1 1 -1 -0 1 -1 -0 1 -1 0 1 -1 0 0 0 0 -1 0 -0 -1 -1 1 1 -0 -1 0 -1 -1 1 1 1 -1 0 1 -1 -1 -1 -0 -1 -0 1 0 -1 1 1 0 -1 0 1 0 1 1 1 -1 -0 -1 -1 1 0 -1 1 0 1 0 0 0 -1 -0 -0 1 -0 -1 -0 0 0 0 0 0 0 0 0 1 -0 -0 -0 -0 -0 -0 -0 0 0 -1 0 1 1 0 1 0 1 1 -1 1 1 -0 -0
1 1 1 -1 -1 0 1 -1 -1 1 -1 -0 1 -1 -0 1 1 0 1 -1 0 0 0 0 -1 0 -0 -1 -1 1 1 -0 -1 0 -1 -1 1 1 1 -1 0 1 -1 -1 -1 -0 -1 -0 1 0 -1 1 1 0 -1 0 1 0 1 1 1 -1 -0 -1 0 1 0 -1 1 0 1 0 0 0 -1 -0 -0 1 -0 -1 0 0 0 0 0 0 0 0 0 1 -0 -0 -0 -0 -0 -0 0 0 0 -1 0 1 1 0 1 0 1 1 -1 1 1 -0
-1 1 1 1 -1 -1 0 1 -1 -1 1 -1 -0 1 -1 -0 0 1 0 1 -1 0 0 0 0 -1 0 -0 -1 -1 1 1 0 -1 0 -1 -1 1 1 1 -1 0 1 -1 -1 -1 -0 -1 1 1 0 -1 1 1 0 -1 0 1 0 1 1 1 -1 -0 1 0 1 0 -1 1 0 1 0 0 0 -1 -0 -0 1 -0 0 0 0 0 0 0 0 0 0 0 1 -0 -0 -0 -0 -0 0 0 0 0 -1 0 1 1 0 1 0 1 1 -1 1 1
0 -1 1 1 1 -1 -1 0 1 -1 -1 1 -1 -0 1 -1 -1 0 1 0 1 -1 0 0 0 0 -1 0 -0 -1 -1 1 1 0 -1 0 -1 -1 1 1 1 -1 0 1 -1 -1 -1 -0 0 1 1 0 -1 1 1 0 -1 0 1 0 1 1 1 -1 0 1 0 1 0 -1 1 0 1 0 0 0 -1 -0 -0 1 0 0 0 0 0 0 0 0 0 0 0 1 -0 -0 -0 -0 -1 0 0 0 0 -1 0 1 1 0 1 0 1 1 -1 1
1 0 -1 1 1 1 -1 -1 0 1 -1 -1 1 -1 -0 1 -1 -1 0 1 0 1 -1 0 0 0 0 -1 0 -0 -1 -1 0 1 0 -1 0 -1 -1 1 1 1 -1 0 1 -1 -1 -1 1 0 1 1 0 -1 1 1 0 -1 0 1 0 1 1 1 -1 0 1 0 1 0 -1 1 0 1 0 0 0 -1 -0 -0 0 0 0 0 0 0 0 0 0 0 0 0 1 -0 -0 -0 -1 -1 0 0 0 0 -1 0 1 1 0 1 0 1 1 -1
-1 1 0 -1 1 1 1 -1 -1 0 1 -1 -1 1 -1 -0 1 -1 -1 0 1 0 1 -1 0 0 0 0 -1 0 -0 -1 1 0 1 0 -1 0 -1 -1 1 1 1 -1 0 1 -1 -1 -1 1 0 1 1 0 -1 1 1 0 -1 0 1 0 1 1 0 -1 0 1 0 1 0 -1 1 0 1 0 0 0 -1 -0 0 0 0 0 0 0 0 0 0 0 0 0 0 1 -0 -0 1 -1 -1 0 0 0 0 -1 0 1 1 0 1 0 1 1
0 -1 1 0 -1 1 1 1 -1 -1 0 1 -1 -1 1 -1 1 1 -1 -1 0 1 0 1 -1 0 0 0 0 -1 0 -0 1 1 0 1 0 -1 0 -1 -1 1 1 1 -1 0 1 -1 -1 -1 1 0 1 1 0 -1 1 1 0 -1 0 1 0 1 0 0 -1 0 1 0 1 0 -1 1 0 1 0 0 0 -1 0 0 0 0 0 0 0 0 0 0 0 0 0 0 1 -0 -1 1 -1 -1 0 0 0 0 -1 0 1 1 0 1 0 1
1 0 -1 1 0 -1 1 1 1 -1 -1 0 1 -1 -1 1 0 1 1 -1 -1 0 1 0 1 -1 0 0 0 0 -1 0 1 1 1 0 1 0 -1 0 -1 -1 1 1 1 -1 0 1 -1 -1 -1 1 0 1 1 0 -1 1 1 0 -1 0 1 0 1 0 0 -1 0 1 0 1 0 -1 1 0 1 0 0 0 0 0 0 0 0 0 0 0 0 0 0 0 0 0 0 1 -1 -1 1 -1 -1 0 0 0 0 -1 0 1 1 0 1 0
0 1 1 -1 1 1 -0 -0 -0 -0 1 -0 -1 -1 -0 -1 1 -1 -0 1 -1 -0 1 -1 -1 -1 1 1 -0 -1 1 1 0 -0 -1 -1 1 1 -0 -1 -0 -1 1 -0 -0 -0 -0 1 1 -1 -1 -1 -0 -1 -0 1 -0 1 1 -1 -1 -1 1 -0 0 1 1 1 -1 -0 -1 -1 -0 1 -1 -1 -0 1 -0 -1 0 -1 -0 -0 1 -0 -1 -0 -1 -0 1 -1 -0 -1 -0 -0 1 -0 -0 -0 -0 -0 -0 -0 -0 -0 -0 -0 -0 -0 -0 -0
1 0 1 1 -1 1 1 -0 -0 -0 -0 1 -0 -1 -1 -0 -1 1 -1 -0 1 -1 -0 1 -1 -1 -1 1 1 -0 -1 1 -1 0 -0 -1 -1 1 1 -0 -1 -0 -1 1 -0 -0 -0 -0 0 1 -1 -1 -1 -0 -1 -0 1 -0 1 1 -1 -1 -1 1 1 0 1 1 1 -1 -0 -1 -1 -0 1 -1 -1 -0 1 -0 0 0 -1 -0 -0 1 -0 -1 -0 -1 -0 1 -1 -0 -1 -0 0 1 -0 -0 -0 -0 -0 -0 -0 -0 -0 -0 -0 -0 -0 -0
0 1 0 1 1 -1 1 1 -0 -0 -0 -0 1 -0 -1 -1 -1 -1 1 -1 -0 1 -1 -0 1 -1 -1 -1 1 1 -0 -1 0 -1 0 -0 -1 -1 1 1 -0 -1 -0 -1 1 -0 -0 -0 -1 0 1 -1 -1 -1 -0 -1 -0 1 -0 1 1 -1 -1 -1 0 1 0 1 1 1 -1 -0 -1 -1 -0 1 -1 -1 -0 1 0 0 0 -1 -0 -0 1 -0 -1 -0 -1 -0 1 -1 -0 -1 0 0 1 -0 -0 -0 -0 -0 -0 -0 -0 -0 -0 -0 -0 -0
1 0 1 0 1 1 -1 1 1 -0 -0 -0 -0 1 -0 -1 1 -1 -1 1 -1 -0 1 -1 -0 1 -1 -1 -1 1 1 -0 0 0 -1 0 -0 -1 -1 1 1 -0 -1 -0 -1 1 -0 -0 1 -1 0 1 -1 -1 -1 -0 -1 -0 1 -0 1 1 -1 -1 -1 0 1 0 1 1 1 -1 -0 -1 -1 -0 1 -1 -1 -0 1 0 0 0 -1 -0 -0 1 -0 -1 -0 -1 -0 1 -1 -0 0 0 0 1 -0 -0 -0 -0 -0 -0 -0 -0 -0 -0 -0 -0
1 1 0 1 0 1 1 -1 1 1 -0 -0 -0 -0 1 -0 0 1 -1 -1 1 -1 -0 1 -1 -0 1 -1 -1 -1 1 1 0 0 0 -1 0 -0 -1 -1 1 1 -0 -1 -0 -1 1 -0 1 1 -1 0 1 -1 -1 -1 -0 -1 -0 1 -0 1 1 -1 0 -1 0 1 0 1 1 1 -1 -0 -1 -1 -0 1 -1 -1 0 1 0 0 0 -1 -0 -0 1 -0 -1 -0 -1 -0 1 -1 0 0 0 0 1 -0 -0 -0 -0 -0 -0 -0 -0 -0 -0 -0
0 1 1 0 1 0 1 1 -1 1 1 -0 -0 -0 -0 1 -1 0 1 -1 -1 1 -1 -0 1 -1 -0 1 -1 -1 -1 1 0 0 0 0 -1 0 -0 -1 -1 1 1 -0 -1 -0 -1 1 1 1 1 -1 0 1 -1 -1 -1 -0 -1 -0 1 -0 1 1 1 0 -1 0 1 0 1 1 1 -1 -0 -1 -1 -0 1 -1 1 0 1 0 0 0 -1 -0 -0 1 -0 -1 -0 -1 -0 1 0 0 0 0 0 1 -0 -0 -0 -0 -0 -0 -0 -0 -0 -0
-1 0 1 1 0 1 0 1 1 -1 1 1 -0 -0 -0 -0 -1 -1 0 1 -1 -1 1 -1 -0 1 -1 -0 1 -1 -1 -1 -1 0 0 0 0 -1 0 -0 -1 -1 1 1 -0 -1 -0 -1 -1 1 1 1 -1 0 1 -1 -1 -1 -0 -1 -0 1 -0 1 1 1 0 -1 0 1 0 1 1 1 -1 -0 -1 -1 -0 1 -1 1 0 1 0 0 0 -1 -0 -0 1 -0 -1 -0 -1 -0 0 0 0 0 0 0 1 -0 -0 -0 -0 -0 -0 -0 -0 -0
0 -1 0 1 1 0 1 0 1 1 -1 1 1 -0 -0 -0 1 -1 -1 0 1 -1 -1 1 -1 -0 1 -1 -0 1 -1 -1 1 -1 0 0 0 0 -1 0 -0 -1 -1 1 1 -0 -1 -0 -1 -1 1 1 1 -1 0 1 -1 -1 -1 -0 -1 -0 1 -0 -1 1 1 0 -1 0 1 0 1 1 1 -1 -0 -1 -1 -0 0 -1 1 0 1 0 0 0 -1 -0 -0 1 -0 -1 -0 -1 0 0 0 0 0 0 0 1 -0 -0 -0 -0 -0 -0 -0 -0
0 0 -1 0 1 1 0 1 0 1 1 -1 1 1 -0 -0 1 1 -1 -1 0 1 -1 -1 1 -1 -0 1 -1 -0 1 -1 0 1 -1 0 0 0 0 -1 0 -0 -1 -1 1 1 -0 -1 0 -1 -1 1 1 1 -1 0 1 -1 -1 -1 -0 -1 -0 1 0 -1 1 1 0 -1 0 1 0 1 1 1 -1 -0 -1 -1 1 0 -1 1 0 1 0 0 0 -1 -0 -0 1 -0 -1 -0 0 0 0 0 0 0 0 0 1 -0 -0 -0 -0 -0 -0 -0
0 0 0 -1 0 1 1 0 1 0 1 1 -1 1 1 -0 1 1 1 -1 -1 0 1 -1 -1 1 -1 -0 1 -1 -0 1 1 0 1 -1 0 0 0 0 -1 0 -0 -1 -1 1 1 -0 -1 0 -1 -1 1 1 1 -1 0 1 -1 -1 -1 -0 -1 -0 1 0 -1 1 1 0 -1 0 1 0 1 1 1 -1 -0 -1 0 1 0 -1 1 0 1 0 0 0 -1 -0 -0 1 -0 -1 0 0 0 0 0 0 0 0 0 1 -0 -0 -0 -0 -0 -0
0 0 0 0 -1 0 1 1 0 1 0 1 1 -1 1 1 -1 1 1 1 -1 -1 0 1 -1 -1 1 -1 -0 1 -1 -0 0 1 0 1 -1 0 0 0 0 -1 0 -0 -1 -1 1 1 0 -1 0 -1 -1 1 1 1 -1 0 1 -1 -1 -1 -0 -1 1 1 0 -1 1 1 0 -1 0 1 0 1 1 1 -1 -0 1 0 1 0 -1 1 0 1 0 0 0 -1 -0 -0 1 -0 0 0 0 0 0 0 0 0 0 0 1 -0 -0 -0 -0 -0
-1 0 0 0 0 -1 0 1 1 0 1 0 1 1 -1 1 0 -1 1 1 1 -1 -1 0 1 -1 -1 1 -1 -0 1 -1 -1 0 1 0 1 -1 0 0 0 0 -1 0 -0 -1 -1 1 1 0 -1 0 -1 -1 1 1 1 -1 0 1 -1 -1 -1 -0 0 1 1 0 -1 1 1 0 -1 0 1 0 1 1 1 -1 0 1 0 1 0 -1 1 0 1 0 0 0 -1 -0 -0 1 0 0 0 0 0 0 0 0 0 0 0 1 -0 -0 -0 -0
-1 -1 0 0 0 0 -1 0 1 1 0 1 0 1 1 -1 1 0 -1 1 1 1 -1 -1 0 1 -1 -1 1 -1 -0 1 -1 -1 0 1 0 1 -1 0 0 0 0 -1 0 -0 -1 -1 0 1 0 -1 0 -1 -1 1 1 1 -1 0 1 -1 -1 -1 1 0 1 1 0 -1 1 1 0 -1 0 1 0 1 1 1 -1 0 1 0 1 0 -1 1 0 1 0 0 0 -1 -0 -0 0 0 0 0 0 0 0 0 0 0 0 0 1 -0 -0 -0
1 -1 -1 0 0 0 0 -1 0 1 1 0 1 0 1 1 -1 1 0 -1 1 1 1 -1 -1 0 1 -1 -1 1 -1 -0 1 -1 -1 0 1 0 1 -1 0 0 0 0 -1 0 -0 -1 1 0 1 0 -1 0 -1 -1 1 1 1 -1 0 1 -1 -1 -1 1 0 1 1 0 -1 1 1 0 -1 0 1 0 1 1 0 -1 0 1 0 1 0 -1 1 0 1 0 0 0 -1 -0 0 0 0 0 0 0 0 0 0 0 0 0 0 1 -0 -0
-1 1 -1 -1 0 0 0 0 -1 0 1 1 0 1 0 1 0 -1 1 0 -1 1 1 1 -1 -1 0 1 -1 -1 1 -1 1 1 -1 -1 0 1 0 1 -1 0 0 0 0 -1 0 -0 1 1 0 1 0 -1 0 -1 -1 1 1 1 -1 0 1 -1 -1 -1 1 0 1 1 0 -1 1 1 0 -1 0 1 0 1 0 0 -1 0 1 0 1 0 -1 1 0 1 0 0 0 -1 0 0 0 0 0 0 0 0 0 0 0 0 0 0 1 -0
-1 -1 1 -1 -1 0 0 0 0 -1 0 1 1 0 1 0 1 0 -1 1 0 -1 1 1 1 -1 -1 0 1 -1 -1 1 0 1 1 -1 -1 0 1 0 1 -1 0 0 0 0 -1 0 1 1 1 0 1 0 -1 0 -1 -1 1 1 1 -1 0 1 -1 -1 -1 1 0 1 1 0 -1 1 1 0 -1 0 1 0 1 0 0 -1 0 1 0 1 0 -1 1 0 1 0 0 0 0 0 0 0 0 0 0 0 0 0 0 0 0 0 0 1
